<?xml version="1.0" encoding="UTF-8"?>
<!-- Generated by org.testng.reporters.JUnitXMLReporter -->
<testsuite ignored="0" hostname="LAPTOP-8SMAHPPN" failures="0" tests="5" name="Test" time="32.089" errors="0" timestamp="2023-07-29T21:07:58 IST">
  <testcase classname="tests.FourTest" name="testFour" time="0.015"/>
  <testcase classname="tests.TwoTest" name="testTwo" time="0.002"/>
  <testcase classname="tests.LoginTest" name="login" time="5.066"/>
  <testcase classname="tests.LoginTest" name="login" time="14.751"/>
  <testcase classname="tests.ThreeTest" name="testThree" time="0.003"/>
</testsuite> <!-- Test -->
